Started GET "/" for ::1 at 2016-07-16 20:08:19 +0100
Processing by Rails::WelcomeController#index as HTML
  Parameters: {"internal"=>true}
  Rendering /Users/Elena/.rvm/gems/ruby-2.2.3/gems/railties-5.0.0/lib/rails/templates/rails/welcome/index.html.erb
  Rendered /Users/Elena/.rvm/gems/ruby-2.2.3/gems/railties-5.0.0/lib/rails/templates/rails/welcome/index.html.erb (13.4ms)
Completed 200 OK in 38ms (Views: 22.4ms | ActiveRecord: 0.0ms)


  [1m[35m (1.1ms)[0m  [1m[35mCREATE TABLE "schema_migrations" ("version" varchar NOT NULL PRIMARY KEY)[0m
  [1m[35m (0.9ms)[0m  [1m[35mCREATE TABLE "ar_internal_metadata" ("key" varchar NOT NULL PRIMARY KEY, "value" varchar, "created_at" datetime NOT NULL, "updated_at" datetime NOT NULL)[0m
  [1m[36mActiveRecord::SchemaMigration Load (0.1ms)[0m  [1m[34mSELECT "schema_migrations".* FROM "schema_migrations"[0m
Migrating to DeviseCreateUsers (20160716213659)
  [1m[35m (0.1ms)[0m  [1m[36mbegin transaction[0m
  [1m[35m (0.5ms)[0m  [1m[35mCREATE TABLE "users" ("id" INTEGER PRIMARY KEY AUTOINCREMENT NOT NULL, "email" varchar DEFAULT '' NOT NULL, "encrypted_password" varchar DEFAULT '' NOT NULL, "reset_password_token" varchar, "reset_password_sent_at" datetime, "remember_created_at" datetime, "sign_in_count" integer DEFAULT 0 NOT NULL, "current_sign_in_at" datetime, "last_sign_in_at" datetime, "current_sign_in_ip" varchar, "last_sign_in_ip" varchar, "created_at" datetime NOT NULL, "updated_at" datetime NOT NULL)[0m
  [1m[35m (0.1ms)[0m  [1m[34mselect sqlite_version(*)[0m
  [1m[35m (1.1ms)[0m  [1m[35mCREATE UNIQUE INDEX "index_users_on_email" ON "users" ("email")[0m
  [1m[35m (0.1ms)[0m  [1m[34m            SELECT sql
            FROM sqlite_master
            WHERE name='index_users_on_email' AND type='index'
            UNION ALL
            SELECT sql
            FROM sqlite_temp_master
            WHERE name='index_users_on_email' AND type='index'
[0m
  [1m[35m (0.1ms)[0m  [1m[35mCREATE UNIQUE INDEX "index_users_on_reset_password_token" ON "users" ("reset_password_token")[0m
  [1m[35mSQL (0.1ms)[0m  [1m[32mINSERT INTO "schema_migrations" ("version") VALUES (?)[0m  [["version", "20160716213659"]]
  [1m[35m (1.0ms)[0m  [1m[36mcommit transaction[0m
  [1m[36mActiveRecord::InternalMetadata Load (0.1ms)[0m  [1m[34mSELECT  "ar_internal_metadata".* FROM "ar_internal_metadata" WHERE "ar_internal_metadata"."key" = ? LIMIT ?[0m  [["key", :environment], ["LIMIT", 1]]
  [1m[35m (0.1ms)[0m  [1m[36mbegin transaction[0m
  [1m[35mSQL (0.3ms)[0m  [1m[32mINSERT INTO "ar_internal_metadata" ("key", "value", "created_at", "updated_at") VALUES (?, ?, ?, ?)[0m  [["key", "environment"], ["value", "development"], ["created_at", 2016-07-16 21:37:16 UTC], ["updated_at", 2016-07-16 21:37:16 UTC]]
  [1m[35m (0.7ms)[0m  [1m[36mcommit transaction[0m
  [1m[36mActiveRecord::SchemaMigration Load (0.1ms)[0m  [1m[34mSELECT "schema_migrations".* FROM "schema_migrations"[0m
  [1m[35m (0.1ms)[0m  [1m[34m            SELECT sql
            FROM sqlite_master
            WHERE name='index_users_on_reset_password_token' AND type='index'
            UNION ALL
            SELECT sql
            FROM sqlite_temp_master
            WHERE name='index_users_on_reset_password_token' AND type='index'
[0m
  [1m[35m (0.1ms)[0m  [1m[34m            SELECT sql
            FROM sqlite_master
            WHERE name='index_users_on_email' AND type='index'
            UNION ALL
            SELECT sql
            FROM sqlite_temp_master
            WHERE name='index_users_on_email' AND type='index'
[0m
Started GET "/" for ::1 at 2016-07-16 22:37:54 +0100
  [1m[36mActiveRecord::SchemaMigration Load (0.5ms)[0m  [1m[34mSELECT "schema_migrations".* FROM "schema_migrations"[0m
Processing by Rails::WelcomeController#index as HTML
  Parameters: {"internal"=>true}
  Rendering /Users/Elena/.rvm/gems/ruby-2.2.3/gems/railties-5.0.0/lib/rails/templates/rails/welcome/index.html.erb
  Rendered /Users/Elena/.rvm/gems/ruby-2.2.3/gems/railties-5.0.0/lib/rails/templates/rails/welcome/index.html.erb (4.7ms)
Completed 200 OK in 22ms (Views: 10.9ms | ActiveRecord: 0.0ms)


Started GET "/users/sign_up" for ::1 at 2016-07-16 22:38:03 +0100
Processing by Devise::RegistrationsController#new as HTML
  [1m[36mUser Load (0.5ms)[0m  [1m[34mSELECT  "users".* FROM "users" WHERE "users"."id" = ? ORDER BY "users"."id" ASC LIMIT ?[0m  [["id", 1], ["LIMIT", 1]]
  Rendering /Users/Elena/.rvm/gems/ruby-2.2.3/gems/devise-4.2.0/app/views/devise/registrations/new.html.erb within layouts/application
  Rendered /Users/Elena/.rvm/gems/ruby-2.2.3/gems/devise-4.2.0/app/views/devise/shared/_links.html.erb (1.2ms)
  Rendered /Users/Elena/.rvm/gems/ruby-2.2.3/gems/devise-4.2.0/app/views/devise/registrations/new.html.erb within layouts/application (36.1ms)
Completed 200 OK in 579ms (Views: 558.2ms | ActiveRecord: 1.2ms)


Started GET "/users/sign_in" for ::1 at 2016-07-16 22:38:14 +0100
Processing by Devise::SessionsController#new as HTML
  Rendering /Users/Elena/.rvm/gems/ruby-2.2.3/gems/devise-4.2.0/app/views/devise/sessions/new.html.erb within layouts/application
  Rendered /Users/Elena/.rvm/gems/ruby-2.2.3/gems/devise-4.2.0/app/views/devise/shared/_links.html.erb (3.0ms)
  Rendered /Users/Elena/.rvm/gems/ruby-2.2.3/gems/devise-4.2.0/app/views/devise/sessions/new.html.erb within layouts/application (18.5ms)
Completed 200 OK in 72ms (Views: 66.7ms | ActiveRecord: 0.0ms)


Started GET "/users/sign_in" for ::1 at 2016-07-16 22:38:33 +0100
Processing by Devise::SessionsController#new as HTML
  Rendering /Users/Elena/.rvm/gems/ruby-2.2.3/gems/devise-4.2.0/app/views/devise/sessions/new.html.erb within layouts/application
  Rendered /Users/Elena/.rvm/gems/ruby-2.2.3/gems/devise-4.2.0/app/views/devise/shared/_links.html.erb (1.6ms)
  Rendered /Users/Elena/.rvm/gems/ruby-2.2.3/gems/devise-4.2.0/app/views/devise/sessions/new.html.erb within layouts/application (6.6ms)
Completed 200 OK in 33ms (Views: 32.1ms | ActiveRecord: 0.0ms)


Started GET "/users/sign_in" for ::1 at 2016-07-16 22:38:36 +0100
Processing by Devise::SessionsController#new as HTML
  Rendering /Users/Elena/.rvm/gems/ruby-2.2.3/gems/devise-4.2.0/app/views/devise/sessions/new.html.erb within layouts/application
  Rendered /Users/Elena/.rvm/gems/ruby-2.2.3/gems/devise-4.2.0/app/views/devise/shared/_links.html.erb (1.2ms)
  Rendered /Users/Elena/.rvm/gems/ruby-2.2.3/gems/devise-4.2.0/app/views/devise/sessions/new.html.erb within layouts/application (5.8ms)
Completed 200 OK in 27ms (Views: 26.4ms | ActiveRecord: 0.0ms)


Started GET "/users/sign_in" for ::1 at 2016-07-16 22:38:37 +0100
Processing by Devise::SessionsController#new as HTML
  Rendering /Users/Elena/.rvm/gems/ruby-2.2.3/gems/devise-4.2.0/app/views/devise/sessions/new.html.erb within layouts/application
  Rendered /Users/Elena/.rvm/gems/ruby-2.2.3/gems/devise-4.2.0/app/views/devise/shared/_links.html.erb (0.9ms)
  Rendered /Users/Elena/.rvm/gems/ruby-2.2.3/gems/devise-4.2.0/app/views/devise/sessions/new.html.erb within layouts/application (6.3ms)
Completed 200 OK in 27ms (Views: 26.1ms | ActiveRecord: 0.0ms)


Started GET "/users/sign_in" for ::1 at 2016-07-16 22:38:44 +0100
Processing by Devise::SessionsController#new as HTML
  Rendering /Users/Elena/.rvm/gems/ruby-2.2.3/gems/devise-4.2.0/app/views/devise/sessions/new.html.erb within layouts/application
  Rendered /Users/Elena/.rvm/gems/ruby-2.2.3/gems/devise-4.2.0/app/views/devise/shared/_links.html.erb (0.8ms)
  Rendered /Users/Elena/.rvm/gems/ruby-2.2.3/gems/devise-4.2.0/app/views/devise/sessions/new.html.erb within layouts/application (4.9ms)
Completed 200 OK in 28ms (Views: 26.2ms | ActiveRecord: 0.0ms)


Started GET "/users/sign_in" for ::1 at 2016-07-16 22:38:45 +0100
Processing by Devise::SessionsController#new as HTML
  Rendering /Users/Elena/.rvm/gems/ruby-2.2.3/gems/devise-4.2.0/app/views/devise/sessions/new.html.erb within layouts/application
  Rendered /Users/Elena/.rvm/gems/ruby-2.2.3/gems/devise-4.2.0/app/views/devise/shared/_links.html.erb (3.2ms)
  Rendered /Users/Elena/.rvm/gems/ruby-2.2.3/gems/devise-4.2.0/app/views/devise/sessions/new.html.erb within layouts/application (8.6ms)
Completed 200 OK in 37ms (Views: 35.7ms | ActiveRecord: 0.0ms)


Started GET "/users/sign_in" for ::1 at 2016-07-16 22:38:53 +0100
  [1m[36mActiveRecord::SchemaMigration Load (0.1ms)[0m  [1m[34mSELECT "schema_migrations".* FROM "schema_migrations"[0m
Processing by Devise::SessionsController#new as HTML
  Rendering /Users/Elena/.rvm/gems/ruby-2.2.3/gems/devise-4.2.0/app/views/devise/sessions/new.html.erb within layouts/application
  Rendered /Users/Elena/.rvm/gems/ruby-2.2.3/gems/devise-4.2.0/app/views/devise/shared/_links.html.erb (2.2ms)
  Rendered /Users/Elena/.rvm/gems/ruby-2.2.3/gems/devise-4.2.0/app/views/devise/sessions/new.html.erb within layouts/application (44.0ms)
Completed 200 OK in 342ms (Views: 316.7ms | ActiveRecord: 0.6ms)


Started GET "/users/sign_in" for ::1 at 2016-07-16 22:40:51 +0100
Processing by Devise::SessionsController#new as HTML
  Rendering /Users/Elena/.rvm/gems/ruby-2.2.3/gems/devise-4.2.0/app/views/devise/sessions/new.html.erb within layouts/application
  Rendered /Users/Elena/.rvm/gems/ruby-2.2.3/gems/devise-4.2.0/app/views/devise/shared/_links.html.erb (1.0ms)
  Rendered /Users/Elena/.rvm/gems/ruby-2.2.3/gems/devise-4.2.0/app/views/devise/sessions/new.html.erb within layouts/application (5.9ms)
Completed 200 OK in 31ms (Views: 29.6ms | ActiveRecord: 0.0ms)


Started GET "/users/sign_in" for ::1 at 2016-07-16 22:40:57 +0100
Processing by Devise::SessionsController#new as HTML
  Rendering /Users/Elena/.rvm/gems/ruby-2.2.3/gems/devise-4.2.0/app/views/devise/sessions/new.html.erb within layouts/application
  Rendered /Users/Elena/.rvm/gems/ruby-2.2.3/gems/devise-4.2.0/app/views/devise/shared/_links.html.erb (0.9ms)
  Rendered /Users/Elena/.rvm/gems/ruby-2.2.3/gems/devise-4.2.0/app/views/devise/sessions/new.html.erb within layouts/application (6.1ms)
Completed 200 OK in 30ms (Views: 27.1ms | ActiveRecord: 0.0ms)


Started GET "/users/sign_in" for ::1 at 2016-07-16 22:40:59 +0100
Processing by Devise::SessionsController#new as HTML
  Rendering /Users/Elena/.rvm/gems/ruby-2.2.3/gems/devise-4.2.0/app/views/devise/sessions/new.html.erb within layouts/application
  Rendered /Users/Elena/.rvm/gems/ruby-2.2.3/gems/devise-4.2.0/app/views/devise/shared/_links.html.erb (1.1ms)
  Rendered /Users/Elena/.rvm/gems/ruby-2.2.3/gems/devise-4.2.0/app/views/devise/sessions/new.html.erb within layouts/application (5.5ms)
Completed 200 OK in 31ms (Views: 29.6ms | ActiveRecord: 0.0ms)


Started GET "/users/sign_in" for ::1 at 2016-07-16 22:41:38 +0100
  [1m[36mActiveRecord::SchemaMigration Load (0.1ms)[0m  [1m[34mSELECT "schema_migrations".* FROM "schema_migrations"[0m
Processing by Devise::SessionsController#new as HTML
  Rendering /Users/Elena/.rvm/gems/ruby-2.2.3/gems/devise-4.2.0/app/views/devise/sessions/new.html.erb within layouts/application
  Rendered /Users/Elena/.rvm/gems/ruby-2.2.3/gems/devise-4.2.0/app/views/devise/shared/_links.html.erb (1.4ms)
  Rendered /Users/Elena/.rvm/gems/ruby-2.2.3/gems/devise-4.2.0/app/views/devise/sessions/new.html.erb within layouts/application (32.3ms)
Completed 200 OK in 333ms (Views: 306.2ms | ActiveRecord: 0.6ms)


Started GET "/users/sign_in" for ::1 at 2016-07-16 22:41:40 +0100
Processing by Devise::SessionsController#new as HTML
  Rendering /Users/Elena/.rvm/gems/ruby-2.2.3/gems/devise-4.2.0/app/views/devise/sessions/new.html.erb within layouts/application
  Rendered /Users/Elena/.rvm/gems/ruby-2.2.3/gems/devise-4.2.0/app/views/devise/shared/_links.html.erb (0.8ms)
  Rendered /Users/Elena/.rvm/gems/ruby-2.2.3/gems/devise-4.2.0/app/views/devise/sessions/new.html.erb within layouts/application (5.0ms)
Completed 200 OK in 26ms (Views: 24.6ms | ActiveRecord: 0.0ms)


Started GET "/users/sign_in" for ::1 at 2016-07-16 22:41:47 +0100
Processing by Devise::SessionsController#new as HTML
  Rendering /Users/Elena/.rvm/gems/ruby-2.2.3/gems/devise-4.2.0/app/views/devise/sessions/new.html.erb within layouts/application
  Rendered /Users/Elena/.rvm/gems/ruby-2.2.3/gems/devise-4.2.0/app/views/devise/shared/_links.html.erb (0.9ms)
  Rendered /Users/Elena/.rvm/gems/ruby-2.2.3/gems/devise-4.2.0/app/views/devise/sessions/new.html.erb within layouts/application (6.2ms)
Completed 200 OK in 27ms (Views: 26.0ms | ActiveRecord: 0.0ms)


Started GET "/users/sign_in" for ::1 at 2016-07-16 22:41:49 +0100
Processing by Devise::SessionsController#new as HTML
  Rendering /Users/Elena/.rvm/gems/ruby-2.2.3/gems/devise-4.2.0/app/views/devise/sessions/new.html.erb within layouts/application
  Rendered /Users/Elena/.rvm/gems/ruby-2.2.3/gems/devise-4.2.0/app/views/devise/shared/_links.html.erb (0.8ms)
  Rendered /Users/Elena/.rvm/gems/ruby-2.2.3/gems/devise-4.2.0/app/views/devise/sessions/new.html.erb within layouts/application (5.6ms)
Completed 200 OK in 28ms (Views: 27.4ms | ActiveRecord: 0.0ms)


Started GET "/users/sign_in" for ::1 at 2016-07-16 22:41:56 +0100
Processing by Devise::SessionsController#new as HTML
  Rendering /Users/Elena/.rvm/gems/ruby-2.2.3/gems/devise-4.2.0/app/views/devise/sessions/new.html.erb within layouts/application
  Rendered /Users/Elena/.rvm/gems/ruby-2.2.3/gems/devise-4.2.0/app/views/devise/shared/_links.html.erb (0.9ms)
  Rendered /Users/Elena/.rvm/gems/ruby-2.2.3/gems/devise-4.2.0/app/views/devise/sessions/new.html.erb within layouts/application (5.0ms)
Completed 200 OK in 27ms (Views: 26.2ms | ActiveRecord: 0.0ms)


Started GET "/users/sign_in" for ::1 at 2016-07-16 22:42:02 +0100
Processing by Devise::SessionsController#new as HTML
  Rendering /Users/Elena/.rvm/gems/ruby-2.2.3/gems/devise-4.2.0/app/views/devise/sessions/new.html.erb within layouts/application
  Rendered /Users/Elena/.rvm/gems/ruby-2.2.3/gems/devise-4.2.0/app/views/devise/shared/_links.html.erb (1.0ms)
  Rendered /Users/Elena/.rvm/gems/ruby-2.2.3/gems/devise-4.2.0/app/views/devise/sessions/new.html.erb within layouts/application (5.4ms)
Completed 200 OK in 52ms (Views: 50.5ms | ActiveRecord: 0.0ms)


Started GET "/users/sign_in" for ::1 at 2016-07-16 22:42:09 +0100
Processing by Devise::SessionsController#new as HTML
  Rendering /Users/Elena/.rvm/gems/ruby-2.2.3/gems/devise-4.2.0/app/views/devise/sessions/new.html.erb within layouts/application
  Rendered /Users/Elena/.rvm/gems/ruby-2.2.3/gems/devise-4.2.0/app/views/devise/shared/_links.html.erb (1.6ms)
  Rendered /Users/Elena/.rvm/gems/ruby-2.2.3/gems/devise-4.2.0/app/views/devise/sessions/new.html.erb within layouts/application (6.7ms)
Completed 200 OK in 35ms (Views: 34.4ms | ActiveRecord: 0.0ms)


Started GET "/users/sign_in" for ::1 at 2016-07-16 22:42:20 +0100
Processing by Devise::SessionsController#new as HTML
  Rendering /Users/Elena/.rvm/gems/ruby-2.2.3/gems/devise-4.2.0/app/views/devise/sessions/new.html.erb within layouts/application
  Rendered /Users/Elena/.rvm/gems/ruby-2.2.3/gems/devise-4.2.0/app/views/devise/shared/_links.html.erb (1.5ms)
  Rendered /Users/Elena/.rvm/gems/ruby-2.2.3/gems/devise-4.2.0/app/views/devise/sessions/new.html.erb within layouts/application (6.7ms)
Completed 200 OK in 38ms (Views: 37.3ms | ActiveRecord: 0.0ms)


Started GET "/users/sign_in" for ::1 at 2016-07-16 22:43:33 +0100
Processing by Devise::SessionsController#new as HTML
  Rendering /Users/Elena/.rvm/gems/ruby-2.2.3/gems/devise-4.2.0/app/views/devise/sessions/new.html.erb within layouts/application
  Rendered /Users/Elena/.rvm/gems/ruby-2.2.3/gems/devise-4.2.0/app/views/devise/shared/_links.html.erb (1.8ms)
  Rendered /Users/Elena/.rvm/gems/ruby-2.2.3/gems/devise-4.2.0/app/views/devise/sessions/new.html.erb within layouts/application (8.4ms)
Completed 200 OK in 50ms (Views: 48.6ms | ActiveRecord: 0.0ms)


Started GET "/users/sign_in" for ::1 at 2016-07-16 22:43:37 +0100
Processing by Devise::SessionsController#new as HTML
  Rendering /Users/Elena/.rvm/gems/ruby-2.2.3/gems/devise-4.2.0/app/views/devise/sessions/new.html.erb within layouts/application
  Rendered /Users/Elena/.rvm/gems/ruby-2.2.3/gems/devise-4.2.0/app/views/devise/shared/_links.html.erb (2.0ms)
  Rendered /Users/Elena/.rvm/gems/ruby-2.2.3/gems/devise-4.2.0/app/views/devise/sessions/new.html.erb within layouts/application (9.9ms)
Completed 200 OK in 43ms (Views: 41.5ms | ActiveRecord: 0.0ms)


Started POST "/users/sign_in" for ::1 at 2016-07-16 22:43:42 +0100
Processing by Devise::SessionsController#create as HTML
  Parameters: {"utf8"=>"✓", "authenticity_token"=>"E/veXhfYheihQRhzzn2oeEso16ebPliRYeuzqQHZGGzmKXGcPJkEhV5YTZgnwAREN2gAfqUvbITt7SqzdpPFUw==", "user"=>{"email"=>"elena@gmail.com", "password"=>"[FILTERED]", "remember_me"=>"0"}, "commit"=>"Log in"}
  [1m[36mUser Load (0.3ms)[0m  [1m[34mSELECT  "users".* FROM "users" WHERE "users"."email" = ? ORDER BY "users"."id" ASC LIMIT ?[0m  [["email", "elena@gmail.com"], ["LIMIT", 1]]
Completed 401 Unauthorized in 10ms (ActiveRecord: 0.3ms)


Processing by Devise::SessionsController#new as HTML
  Parameters: {"utf8"=>"✓", "authenticity_token"=>"E/veXhfYheihQRhzzn2oeEso16ebPliRYeuzqQHZGGzmKXGcPJkEhV5YTZgnwAREN2gAfqUvbITt7SqzdpPFUw==", "user"=>{"email"=>"elena@gmail.com", "password"=>"[FILTERED]", "remember_me"=>"0"}, "commit"=>"Log in"}
  Rendering /Users/Elena/.rvm/gems/ruby-2.2.3/gems/devise-4.2.0/app/views/devise/sessions/new.html.erb within layouts/application
  Rendered /Users/Elena/.rvm/gems/ruby-2.2.3/gems/devise-4.2.0/app/views/devise/shared/_links.html.erb (1.5ms)
  Rendered /Users/Elena/.rvm/gems/ruby-2.2.3/gems/devise-4.2.0/app/views/devise/sessions/new.html.erb within layouts/application (6.7ms)
Completed 200 OK in 209ms (Views: 32.6ms | ActiveRecord: 0.0ms)


Started GET "/users/sign_up" for ::1 at 2016-07-16 22:43:45 +0100
Processing by Devise::RegistrationsController#new as HTML
  Rendering /Users/Elena/.rvm/gems/ruby-2.2.3/gems/devise-4.2.0/app/views/devise/registrations/new.html.erb within layouts/application
  Rendered /Users/Elena/.rvm/gems/ruby-2.2.3/gems/devise-4.2.0/app/views/devise/shared/_links.html.erb (2.1ms)
  Rendered /Users/Elena/.rvm/gems/ruby-2.2.3/gems/devise-4.2.0/app/views/devise/registrations/new.html.erb within layouts/application (12.1ms)
Completed 200 OK in 50ms (Views: 46.3ms | ActiveRecord: 0.0ms)


Started GET "/users/sign_in" for ::1 at 2016-07-16 22:43:48 +0100
Processing by Devise::SessionsController#new as HTML
  Rendering /Users/Elena/.rvm/gems/ruby-2.2.3/gems/devise-4.2.0/app/views/devise/sessions/new.html.erb within layouts/application
  Rendered /Users/Elena/.rvm/gems/ruby-2.2.3/gems/devise-4.2.0/app/views/devise/shared/_links.html.erb (1.7ms)
  Rendered /Users/Elena/.rvm/gems/ruby-2.2.3/gems/devise-4.2.0/app/views/devise/sessions/new.html.erb within layouts/application (8.3ms)
Completed 200 OK in 58ms (Views: 56.8ms | ActiveRecord: 0.0ms)


Started GET "/users/sign_up" for ::1 at 2016-07-16 22:43:49 +0100
Processing by Devise::RegistrationsController#new as HTML
  Rendering /Users/Elena/.rvm/gems/ruby-2.2.3/gems/devise-4.2.0/app/views/devise/registrations/new.html.erb within layouts/application
  Rendered /Users/Elena/.rvm/gems/ruby-2.2.3/gems/devise-4.2.0/app/views/devise/shared/_links.html.erb (1.0ms)
  Rendered /Users/Elena/.rvm/gems/ruby-2.2.3/gems/devise-4.2.0/app/views/devise/registrations/new.html.erb within layouts/application (13.4ms)
Completed 200 OK in 49ms (Views: 47.6ms | ActiveRecord: 0.0ms)


Started POST "/users" for ::1 at 2016-07-16 22:43:59 +0100
Processing by Devise::RegistrationsController#create as HTML
  Parameters: {"utf8"=>"✓", "authenticity_token"=>"k3gXmaRXeieVXCNk5JoK/AMRFBBNvGUPu67p31m8nlRL5QNZUCRERB5+3C1sMI+oS2dauC9fjm0grE7Fby5rBg==", "user"=>{"email"=>"elllena1996@gmail.com", "password"=>"[FILTERED]", "password_confirmation"=>"[FILTERED]"}, "commit"=>"Sign up"}
  [1m[35m (0.1ms)[0m  [1m[36mbegin transaction[0m
  [1m[36mUser Exists (0.1ms)[0m  [1m[34mSELECT  1 AS one FROM "users" WHERE "users"."email" = ? LIMIT ?[0m  [["email", "elllena1996@gmail.com"], ["LIMIT", 1]]
  [1m[35mSQL (0.4ms)[0m  [1m[32mINSERT INTO "users" ("email", "encrypted_password", "created_at", "updated_at") VALUES (?, ?, ?, ?)[0m  [["email", "elllena1996@gmail.com"], ["encrypted_password", "$2a$11$jhdLcYkd3UhKalG0BQNzo.R6k772rATmRVX1NAAz9WeAqHdqyk/ju"], ["created_at", 2016-07-16 21:43:59 UTC], ["updated_at", 2016-07-16 21:43:59 UTC]]
  [1m[35m (0.7ms)[0m  [1m[36mcommit transaction[0m
  [1m[35m (0.1ms)[0m  [1m[36mbegin transaction[0m
  [1m[35mSQL (0.3ms)[0m  [1m[33mUPDATE "users" SET "sign_in_count" = ?, "current_sign_in_at" = ?, "last_sign_in_at" = ?, "current_sign_in_ip" = ?, "last_sign_in_ip" = ?, "updated_at" = ? WHERE "users"."id" = ?[0m  [["sign_in_count", 1], ["current_sign_in_at", 2016-07-16 21:43:59 UTC], ["last_sign_in_at", 2016-07-16 21:43:59 UTC], ["current_sign_in_ip", "::1"], ["last_sign_in_ip", "::1"], ["updated_at", 2016-07-16 21:43:59 UTC], ["id", 1]]
  [1m[35m (0.7ms)[0m  [1m[36mcommit transaction[0m
Redirected to http://localhost:3000/
Completed 302 Found in 177ms (ActiveRecord: 2.4ms)


Started GET "/" for ::1 at 2016-07-16 22:43:59 +0100
Processing by Rails::WelcomeController#index as HTML
  Parameters: {"internal"=>true}
  Rendering /Users/Elena/.rvm/gems/ruby-2.2.3/gems/railties-5.0.0/lib/rails/templates/rails/welcome/index.html.erb
  Rendered /Users/Elena/.rvm/gems/ruby-2.2.3/gems/railties-5.0.0/lib/rails/templates/rails/welcome/index.html.erb (3.2ms)
Completed 200 OK in 10ms (Views: 6.1ms | ActiveRecord: 0.0ms)


Started GET "/users/sign_up" for ::1 at 2016-07-16 22:44:10 +0100
Processing by Devise::RegistrationsController#new as HTML
  [1m[36mUser Load (0.3ms)[0m  [1m[34mSELECT  "users".* FROM "users" WHERE "users"."id" = ? ORDER BY "users"."id" ASC LIMIT ?[0m  [["id", 1], ["LIMIT", 1]]
Redirected to http://localhost:3000/
Filter chain halted as :require_no_authentication rendered or redirected
Completed 302 Found in 3ms (ActiveRecord: 0.3ms)


Started GET "/" for ::1 at 2016-07-16 22:44:10 +0100
Processing by Rails::WelcomeController#index as HTML
  Parameters: {"internal"=>true}
  Rendering /Users/Elena/.rvm/gems/ruby-2.2.3/gems/railties-5.0.0/lib/rails/templates/rails/welcome/index.html.erb
  Rendered /Users/Elena/.rvm/gems/ruby-2.2.3/gems/railties-5.0.0/lib/rails/templates/rails/welcome/index.html.erb (3.1ms)
Completed 200 OK in 7ms (Views: 4.9ms | ActiveRecord: 0.0ms)


Started GET "/" for ::1 at 2016-07-16 22:44:28 +0100
Processing by Rails::WelcomeController#index as HTML
  Parameters: {"internal"=>true}
  Rendering /Users/Elena/.rvm/gems/ruby-2.2.3/gems/railties-5.0.0/lib/rails/templates/rails/welcome/index.html.erb
  Rendered /Users/Elena/.rvm/gems/ruby-2.2.3/gems/railties-5.0.0/lib/rails/templates/rails/welcome/index.html.erb (2.8ms)
Completed 200 OK in 7ms (Views: 4.8ms | ActiveRecord: 0.0ms)


Started GET "/users" for ::1 at 2016-07-16 22:44:35 +0100
  
ActionController::RoutingError (No route matches [GET] "/users"):
  
actionpack (5.0.0) lib/action_dispatch/middleware/debug_exceptions.rb:53:in `call'
web-console (3.3.1) lib/web_console/middleware.rb:131:in `call_app'
web-console (3.3.1) lib/web_console/middleware.rb:28:in `block in call'
web-console (3.3.1) lib/web_console/middleware.rb:18:in `catch'
web-console (3.3.1) lib/web_console/middleware.rb:18:in `call'
actionpack (5.0.0) lib/action_dispatch/middleware/show_exceptions.rb:31:in `call'
railties (5.0.0) lib/rails/rack/logger.rb:36:in `call_app'
railties (5.0.0) lib/rails/rack/logger.rb:24:in `block in call'
activesupport (5.0.0) lib/active_support/tagged_logging.rb:70:in `block in tagged'
activesupport (5.0.0) lib/active_support/tagged_logging.rb:26:in `tagged'
activesupport (5.0.0) lib/active_support/tagged_logging.rb:70:in `tagged'
railties (5.0.0) lib/rails/rack/logger.rb:24:in `call'
sprockets-rails (3.1.1) lib/sprockets/rails/quiet_assets.rb:13:in `call'
actionpack (5.0.0) lib/action_dispatch/middleware/request_id.rb:24:in `call'
rack (2.0.1) lib/rack/method_override.rb:22:in `call'
rack (2.0.1) lib/rack/runtime.rb:22:in `call'
activesupport (5.0.0) lib/active_support/cache/strategy/local_cache_middleware.rb:28:in `call'
actionpack (5.0.0) lib/action_dispatch/middleware/executor.rb:12:in `call'
actionpack (5.0.0) lib/action_dispatch/middleware/static.rb:136:in `call'
rack (2.0.1) lib/rack/sendfile.rb:111:in `call'
railties (5.0.0) lib/rails/engine.rb:522:in `call'
puma (3.4.0) lib/puma/configuration.rb:224:in `call'
puma (3.4.0) lib/puma/server.rb:569:in `handle_request'
puma (3.4.0) lib/puma/server.rb:406:in `process_client'
puma (3.4.0) lib/puma/server.rb:271:in `block in run'
puma (3.4.0) lib/puma/thread_pool.rb:114:in `call'
puma (3.4.0) lib/puma/thread_pool.rb:114:in `block in spawn_thread'
  Rendering /Users/Elena/.rvm/gems/ruby-2.2.3/gems/actionpack-5.0.0/lib/action_dispatch/middleware/templates/rescues/routing_error.html.erb within rescues/layout
  Rendering /Users/Elena/.rvm/gems/ruby-2.2.3/gems/actionpack-5.0.0/lib/action_dispatch/middleware/templates/rescues/_trace.html.erb
  Rendered /Users/Elena/.rvm/gems/ruby-2.2.3/gems/actionpack-5.0.0/lib/action_dispatch/middleware/templates/rescues/_trace.html.erb (1.4ms)
  Rendered collection of /Users/Elena/.rvm/gems/ruby-2.2.3/gems/actionpack-5.0.0/lib/action_dispatch/middleware/templates/routes/_route.html.erb [15 times] (5.4ms)
  Rendered /Users/Elena/.rvm/gems/ruby-2.2.3/gems/actionpack-5.0.0/lib/action_dispatch/middleware/templates/routes/_table.html.erb (5.0ms)
  Rendering /Users/Elena/.rvm/gems/ruby-2.2.3/gems/actionpack-5.0.0/lib/action_dispatch/middleware/templates/rescues/_request_and_response.html.erb
  Rendered /Users/Elena/.rvm/gems/ruby-2.2.3/gems/actionpack-5.0.0/lib/action_dispatch/middleware/templates/rescues/_request_and_response.html.erb (1.0ms)
  Rendered /Users/Elena/.rvm/gems/ruby-2.2.3/gems/actionpack-5.0.0/lib/action_dispatch/middleware/templates/rescues/routing_error.html.erb within rescues/layout (93.9ms)
Started GET "/users/sign_up" for ::1 at 2016-07-16 22:44:41 +0100
Processing by Devise::RegistrationsController#new as HTML
  Rendering /Users/Elena/.rvm/gems/ruby-2.2.3/gems/devise-4.2.0/app/views/devise/registrations/new.html.erb within layouts/application
  Rendered /Users/Elena/.rvm/gems/ruby-2.2.3/gems/devise-4.2.0/app/views/devise/shared/_links.html.erb (1.0ms)
  Rendered /Users/Elena/.rvm/gems/ruby-2.2.3/gems/devise-4.2.0/app/views/devise/registrations/new.html.erb within layouts/application (6.9ms)
Completed 200 OK in 35ms (Views: 34.2ms | ActiveRecord: 0.0ms)


Started GET "/posts" for ::1 at 2016-07-16 22:47:17 +0100
  [1m[36mActiveRecord::SchemaMigration Load (0.2ms)[0m  [1m[34mSELECT "schema_migrations".* FROM "schema_migrations"[0m
  
ActiveRecord::PendingMigrationError (

Migrations are pending. To resolve this issue, run:

	bin/rails db:migrate RAILS_ENV=development

):
  
activerecord (5.0.0) lib/active_record/migration.rb:572:in `check_pending!'
activerecord (5.0.0) lib/active_record/migration.rb:548:in `call'
actionpack (5.0.0) lib/action_dispatch/middleware/callbacks.rb:38:in `block in call'
activesupport (5.0.0) lib/active_support/callbacks.rb:97:in `__run_callbacks__'
activesupport (5.0.0) lib/active_support/callbacks.rb:750:in `_run_call_callbacks'
activesupport (5.0.0) lib/active_support/callbacks.rb:90:in `run_callbacks'
actionpack (5.0.0) lib/action_dispatch/middleware/callbacks.rb:36:in `call'
actionpack (5.0.0) lib/action_dispatch/middleware/executor.rb:12:in `call'
actionpack (5.0.0) lib/action_dispatch/middleware/remote_ip.rb:79:in `call'
actionpack (5.0.0) lib/action_dispatch/middleware/debug_exceptions.rb:49:in `call'
web-console (3.3.1) lib/web_console/middleware.rb:131:in `call_app'
web-console (3.3.1) lib/web_console/middleware.rb:28:in `block in call'
web-console (3.3.1) lib/web_console/middleware.rb:18:in `catch'
web-console (3.3.1) lib/web_console/middleware.rb:18:in `call'
actionpack (5.0.0) lib/action_dispatch/middleware/show_exceptions.rb:31:in `call'
railties (5.0.0) lib/rails/rack/logger.rb:36:in `call_app'
railties (5.0.0) lib/rails/rack/logger.rb:24:in `block in call'
activesupport (5.0.0) lib/active_support/tagged_logging.rb:70:in `block in tagged'
activesupport (5.0.0) lib/active_support/tagged_logging.rb:26:in `tagged'
activesupport (5.0.0) lib/active_support/tagged_logging.rb:70:in `tagged'
railties (5.0.0) lib/rails/rack/logger.rb:24:in `call'
sprockets-rails (3.1.1) lib/sprockets/rails/quiet_assets.rb:13:in `call'
actionpack (5.0.0) lib/action_dispatch/middleware/request_id.rb:24:in `call'
rack (2.0.1) lib/rack/method_override.rb:22:in `call'
rack (2.0.1) lib/rack/runtime.rb:22:in `call'
activesupport (5.0.0) lib/active_support/cache/strategy/local_cache_middleware.rb:28:in `call'
actionpack (5.0.0) lib/action_dispatch/middleware/executor.rb:12:in `call'
actionpack (5.0.0) lib/action_dispatch/middleware/static.rb:136:in `call'
rack (2.0.1) lib/rack/sendfile.rb:111:in `call'
railties (5.0.0) lib/rails/engine.rb:522:in `call'
puma (3.4.0) lib/puma/configuration.rb:224:in `call'
puma (3.4.0) lib/puma/server.rb:569:in `handle_request'
puma (3.4.0) lib/puma/server.rb:406:in `process_client'
puma (3.4.0) lib/puma/server.rb:271:in `block in run'
puma (3.4.0) lib/puma/thread_pool.rb:114:in `call'
puma (3.4.0) lib/puma/thread_pool.rb:114:in `block in spawn_thread'
  Rendering /Users/Elena/.rvm/gems/ruby-2.2.3/gems/actionpack-5.0.0/lib/action_dispatch/middleware/templates/rescues/diagnostics.html.erb within rescues/layout
  Rendering /Users/Elena/.rvm/gems/ruby-2.2.3/gems/actionpack-5.0.0/lib/action_dispatch/middleware/templates/rescues/_source.html.erb
  Rendered /Users/Elena/.rvm/gems/ruby-2.2.3/gems/actionpack-5.0.0/lib/action_dispatch/middleware/templates/rescues/_source.html.erb (3.6ms)
  Rendering /Users/Elena/.rvm/gems/ruby-2.2.3/gems/actionpack-5.0.0/lib/action_dispatch/middleware/templates/rescues/_trace.html.erb
  Rendered /Users/Elena/.rvm/gems/ruby-2.2.3/gems/actionpack-5.0.0/lib/action_dispatch/middleware/templates/rescues/_trace.html.erb (2.5ms)
  Rendering /Users/Elena/.rvm/gems/ruby-2.2.3/gems/actionpack-5.0.0/lib/action_dispatch/middleware/templates/rescues/_request_and_response.html.erb
  Rendered /Users/Elena/.rvm/gems/ruby-2.2.3/gems/actionpack-5.0.0/lib/action_dispatch/middleware/templates/rescues/_request_and_response.html.erb (1.0ms)
  Rendered /Users/Elena/.rvm/gems/ruby-2.2.3/gems/actionpack-5.0.0/lib/action_dispatch/middleware/templates/rescues/diagnostics.html.erb within rescues/layout (70.1ms)
  [1m[36mActiveRecord::SchemaMigration Load (0.2ms)[0m  [1m[34mSELECT "schema_migrations".* FROM "schema_migrations"[0m
  [1m[36mActiveRecord::SchemaMigration Load (0.1ms)[0m  [1m[34mSELECT "schema_migrations".* FROM "schema_migrations"[0m
Migrating to CreatePictures (20160716214650)
  [1m[35m (0.1ms)[0m  [1m[36mbegin transaction[0m
  [1m[35m (0.1ms)[0m  [1m[31mrollback transaction[0m
Started GET "/posts" for ::1 at 2016-07-16 22:47:50 +0100
  [1m[36mActiveRecord::SchemaMigration Load (0.1ms)[0m  [1m[34mSELECT "schema_migrations".* FROM "schema_migrations"[0m
  
ActiveRecord::PendingMigrationError (

Migrations are pending. To resolve this issue, run:

	bin/rails db:migrate RAILS_ENV=development

):
  
activerecord (5.0.0) lib/active_record/migration.rb:572:in `check_pending!'
activerecord (5.0.0) lib/active_record/migration.rb:548:in `call'
actionpack (5.0.0) lib/action_dispatch/middleware/callbacks.rb:38:in `block in call'
activesupport (5.0.0) lib/active_support/callbacks.rb:97:in `__run_callbacks__'
activesupport (5.0.0) lib/active_support/callbacks.rb:750:in `_run_call_callbacks'
activesupport (5.0.0) lib/active_support/callbacks.rb:90:in `run_callbacks'
actionpack (5.0.0) lib/action_dispatch/middleware/callbacks.rb:36:in `call'
actionpack (5.0.0) lib/action_dispatch/middleware/executor.rb:12:in `call'
actionpack (5.0.0) lib/action_dispatch/middleware/remote_ip.rb:79:in `call'
actionpack (5.0.0) lib/action_dispatch/middleware/debug_exceptions.rb:49:in `call'
web-console (3.3.1) lib/web_console/middleware.rb:131:in `call_app'
web-console (3.3.1) lib/web_console/middleware.rb:28:in `block in call'
web-console (3.3.1) lib/web_console/middleware.rb:18:in `catch'
web-console (3.3.1) lib/web_console/middleware.rb:18:in `call'
actionpack (5.0.0) lib/action_dispatch/middleware/show_exceptions.rb:31:in `call'
railties (5.0.0) lib/rails/rack/logger.rb:36:in `call_app'
railties (5.0.0) lib/rails/rack/logger.rb:24:in `block in call'
activesupport (5.0.0) lib/active_support/tagged_logging.rb:70:in `block in tagged'
activesupport (5.0.0) lib/active_support/tagged_logging.rb:26:in `tagged'
activesupport (5.0.0) lib/active_support/tagged_logging.rb:70:in `tagged'
railties (5.0.0) lib/rails/rack/logger.rb:24:in `call'
sprockets-rails (3.1.1) lib/sprockets/rails/quiet_assets.rb:13:in `call'
actionpack (5.0.0) lib/action_dispatch/middleware/request_id.rb:24:in `call'
rack (2.0.1) lib/rack/method_override.rb:22:in `call'
rack (2.0.1) lib/rack/runtime.rb:22:in `call'
activesupport (5.0.0) lib/active_support/cache/strategy/local_cache_middleware.rb:28:in `call'
actionpack (5.0.0) lib/action_dispatch/middleware/executor.rb:12:in `call'
actionpack (5.0.0) lib/action_dispatch/middleware/static.rb:136:in `call'
rack (2.0.1) lib/rack/sendfile.rb:111:in `call'
railties (5.0.0) lib/rails/engine.rb:522:in `call'
puma (3.4.0) lib/puma/configuration.rb:224:in `call'
puma (3.4.0) lib/puma/server.rb:569:in `handle_request'
puma (3.4.0) lib/puma/server.rb:406:in `process_client'
puma (3.4.0) lib/puma/server.rb:271:in `block in run'
puma (3.4.0) lib/puma/thread_pool.rb:114:in `call'
puma (3.4.0) lib/puma/thread_pool.rb:114:in `block in spawn_thread'
  Rendering /Users/Elena/.rvm/gems/ruby-2.2.3/gems/actionpack-5.0.0/lib/action_dispatch/middleware/templates/rescues/diagnostics.html.erb within rescues/layout
  Rendering /Users/Elena/.rvm/gems/ruby-2.2.3/gems/actionpack-5.0.0/lib/action_dispatch/middleware/templates/rescues/_source.html.erb
  Rendered /Users/Elena/.rvm/gems/ruby-2.2.3/gems/actionpack-5.0.0/lib/action_dispatch/middleware/templates/rescues/_source.html.erb (3.6ms)
  Rendering /Users/Elena/.rvm/gems/ruby-2.2.3/gems/actionpack-5.0.0/lib/action_dispatch/middleware/templates/rescues/_trace.html.erb
  Rendered /Users/Elena/.rvm/gems/ruby-2.2.3/gems/actionpack-5.0.0/lib/action_dispatch/middleware/templates/rescues/_trace.html.erb (3.0ms)
  Rendering /Users/Elena/.rvm/gems/ruby-2.2.3/gems/actionpack-5.0.0/lib/action_dispatch/middleware/templates/rescues/_request_and_response.html.erb
  Rendered /Users/Elena/.rvm/gems/ruby-2.2.3/gems/actionpack-5.0.0/lib/action_dispatch/middleware/templates/rescues/_request_and_response.html.erb (1.2ms)
  Rendered /Users/Elena/.rvm/gems/ruby-2.2.3/gems/actionpack-5.0.0/lib/action_dispatch/middleware/templates/rescues/diagnostics.html.erb within rescues/layout (82.6ms)
Started GET "/posts" for ::1 at 2016-07-16 22:47:50 +0100
  [1m[36mActiveRecord::SchemaMigration Load (0.1ms)[0m  [1m[34mSELECT "schema_migrations".* FROM "schema_migrations"[0m
  
ActiveRecord::PendingMigrationError (

Migrations are pending. To resolve this issue, run:

	bin/rails db:migrate RAILS_ENV=development

):
  
activerecord (5.0.0) lib/active_record/migration.rb:572:in `check_pending!'
activerecord (5.0.0) lib/active_record/migration.rb:548:in `call'
actionpack (5.0.0) lib/action_dispatch/middleware/callbacks.rb:38:in `block in call'
activesupport (5.0.0) lib/active_support/callbacks.rb:97:in `__run_callbacks__'
activesupport (5.0.0) lib/active_support/callbacks.rb:750:in `_run_call_callbacks'
activesupport (5.0.0) lib/active_support/callbacks.rb:90:in `run_callbacks'
actionpack (5.0.0) lib/action_dispatch/middleware/callbacks.rb:36:in `call'
actionpack (5.0.0) lib/action_dispatch/middleware/executor.rb:12:in `call'
actionpack (5.0.0) lib/action_dispatch/middleware/remote_ip.rb:79:in `call'
actionpack (5.0.0) lib/action_dispatch/middleware/debug_exceptions.rb:49:in `call'
web-console (3.3.1) lib/web_console/middleware.rb:131:in `call_app'
web-console (3.3.1) lib/web_console/middleware.rb:28:in `block in call'
web-console (3.3.1) lib/web_console/middleware.rb:18:in `catch'
web-console (3.3.1) lib/web_console/middleware.rb:18:in `call'
actionpack (5.0.0) lib/action_dispatch/middleware/show_exceptions.rb:31:in `call'
railties (5.0.0) lib/rails/rack/logger.rb:36:in `call_app'
railties (5.0.0) lib/rails/rack/logger.rb:24:in `block in call'
activesupport (5.0.0) lib/active_support/tagged_logging.rb:70:in `block in tagged'
activesupport (5.0.0) lib/active_support/tagged_logging.rb:26:in `tagged'
activesupport (5.0.0) lib/active_support/tagged_logging.rb:70:in `tagged'
railties (5.0.0) lib/rails/rack/logger.rb:24:in `call'
sprockets-rails (3.1.1) lib/sprockets/rails/quiet_assets.rb:13:in `call'
actionpack (5.0.0) lib/action_dispatch/middleware/request_id.rb:24:in `call'
rack (2.0.1) lib/rack/method_override.rb:22:in `call'
rack (2.0.1) lib/rack/runtime.rb:22:in `call'
activesupport (5.0.0) lib/active_support/cache/strategy/local_cache_middleware.rb:28:in `call'
actionpack (5.0.0) lib/action_dispatch/middleware/executor.rb:12:in `call'
actionpack (5.0.0) lib/action_dispatch/middleware/static.rb:136:in `call'
rack (2.0.1) lib/rack/sendfile.rb:111:in `call'
railties (5.0.0) lib/rails/engine.rb:522:in `call'
puma (3.4.0) lib/puma/configuration.rb:224:in `call'
puma (3.4.0) lib/puma/server.rb:569:in `handle_request'
puma (3.4.0) lib/puma/server.rb:406:in `process_client'
puma (3.4.0) lib/puma/server.rb:271:in `block in run'
puma (3.4.0) lib/puma/thread_pool.rb:114:in `call'
puma (3.4.0) lib/puma/thread_pool.rb:114:in `block in spawn_thread'
  Rendering /Users/Elena/.rvm/gems/ruby-2.2.3/gems/actionpack-5.0.0/lib/action_dispatch/middleware/templates/rescues/diagnostics.html.erb within rescues/layout
  Rendering /Users/Elena/.rvm/gems/ruby-2.2.3/gems/actionpack-5.0.0/lib/action_dispatch/middleware/templates/rescues/_source.html.erb
  Rendered /Users/Elena/.rvm/gems/ruby-2.2.3/gems/actionpack-5.0.0/lib/action_dispatch/middleware/templates/rescues/_source.html.erb (3.0ms)
  Rendering /Users/Elena/.rvm/gems/ruby-2.2.3/gems/actionpack-5.0.0/lib/action_dispatch/middleware/templates/rescues/_trace.html.erb
  Rendered /Users/Elena/.rvm/gems/ruby-2.2.3/gems/actionpack-5.0.0/lib/action_dispatch/middleware/templates/rescues/_trace.html.erb (1.9ms)
  Rendering /Users/Elena/.rvm/gems/ruby-2.2.3/gems/actionpack-5.0.0/lib/action_dispatch/middleware/templates/rescues/_request_and_response.html.erb
  Rendered /Users/Elena/.rvm/gems/ruby-2.2.3/gems/actionpack-5.0.0/lib/action_dispatch/middleware/templates/rescues/_request_and_response.html.erb (1.3ms)
  Rendered /Users/Elena/.rvm/gems/ruby-2.2.3/gems/actionpack-5.0.0/lib/action_dispatch/middleware/templates/rescues/diagnostics.html.erb within rescues/layout (59.1ms)
Started GET "/posts" for ::1 at 2016-07-16 22:47:52 +0100
  [1m[36mActiveRecord::SchemaMigration Load (0.1ms)[0m  [1m[34mSELECT "schema_migrations".* FROM "schema_migrations"[0m
  
ActiveRecord::PendingMigrationError (

Migrations are pending. To resolve this issue, run:

	bin/rails db:migrate RAILS_ENV=development

):
  
activerecord (5.0.0) lib/active_record/migration.rb:572:in `check_pending!'
activerecord (5.0.0) lib/active_record/migration.rb:548:in `call'
actionpack (5.0.0) lib/action_dispatch/middleware/callbacks.rb:38:in `block in call'
activesupport (5.0.0) lib/active_support/callbacks.rb:97:in `__run_callbacks__'
activesupport (5.0.0) lib/active_support/callbacks.rb:750:in `_run_call_callbacks'
activesupport (5.0.0) lib/active_support/callbacks.rb:90:in `run_callbacks'
actionpack (5.0.0) lib/action_dispatch/middleware/callbacks.rb:36:in `call'
actionpack (5.0.0) lib/action_dispatch/middleware/executor.rb:12:in `call'
actionpack (5.0.0) lib/action_dispatch/middleware/remote_ip.rb:79:in `call'
actionpack (5.0.0) lib/action_dispatch/middleware/debug_exceptions.rb:49:in `call'
web-console (3.3.1) lib/web_console/middleware.rb:131:in `call_app'
web-console (3.3.1) lib/web_console/middleware.rb:28:in `block in call'
web-console (3.3.1) lib/web_console/middleware.rb:18:in `catch'
web-console (3.3.1) lib/web_console/middleware.rb:18:in `call'
actionpack (5.0.0) lib/action_dispatch/middleware/show_exceptions.rb:31:in `call'
railties (5.0.0) lib/rails/rack/logger.rb:36:in `call_app'
railties (5.0.0) lib/rails/rack/logger.rb:24:in `block in call'
activesupport (5.0.0) lib/active_support/tagged_logging.rb:70:in `block in tagged'
activesupport (5.0.0) lib/active_support/tagged_logging.rb:26:in `tagged'
activesupport (5.0.0) lib/active_support/tagged_logging.rb:70:in `tagged'
railties (5.0.0) lib/rails/rack/logger.rb:24:in `call'
sprockets-rails (3.1.1) lib/sprockets/rails/quiet_assets.rb:13:in `call'
actionpack (5.0.0) lib/action_dispatch/middleware/request_id.rb:24:in `call'
rack (2.0.1) lib/rack/method_override.rb:22:in `call'
rack (2.0.1) lib/rack/runtime.rb:22:in `call'
activesupport (5.0.0) lib/active_support/cache/strategy/local_cache_middleware.rb:28:in `call'
actionpack (5.0.0) lib/action_dispatch/middleware/executor.rb:12:in `call'
actionpack (5.0.0) lib/action_dispatch/middleware/static.rb:136:in `call'
rack (2.0.1) lib/rack/sendfile.rb:111:in `call'
railties (5.0.0) lib/rails/engine.rb:522:in `call'
puma (3.4.0) lib/puma/configuration.rb:224:in `call'
puma (3.4.0) lib/puma/server.rb:569:in `handle_request'
puma (3.4.0) lib/puma/server.rb:406:in `process_client'
puma (3.4.0) lib/puma/server.rb:271:in `block in run'
puma (3.4.0) lib/puma/thread_pool.rb:114:in `call'
puma (3.4.0) lib/puma/thread_pool.rb:114:in `block in spawn_thread'
  Rendering /Users/Elena/.rvm/gems/ruby-2.2.3/gems/actionpack-5.0.0/lib/action_dispatch/middleware/templates/rescues/diagnostics.html.erb within rescues/layout
  Rendering /Users/Elena/.rvm/gems/ruby-2.2.3/gems/actionpack-5.0.0/lib/action_dispatch/middleware/templates/rescues/_source.html.erb
  Rendered /Users/Elena/.rvm/gems/ruby-2.2.3/gems/actionpack-5.0.0/lib/action_dispatch/middleware/templates/rescues/_source.html.erb (4.4ms)
  Rendering /Users/Elena/.rvm/gems/ruby-2.2.3/gems/actionpack-5.0.0/lib/action_dispatch/middleware/templates/rescues/_trace.html.erb
  Rendered /Users/Elena/.rvm/gems/ruby-2.2.3/gems/actionpack-5.0.0/lib/action_dispatch/middleware/templates/rescues/_trace.html.erb (3.1ms)
  Rendering /Users/Elena/.rvm/gems/ruby-2.2.3/gems/actionpack-5.0.0/lib/action_dispatch/middleware/templates/rescues/_request_and_response.html.erb
  Rendered /Users/Elena/.rvm/gems/ruby-2.2.3/gems/actionpack-5.0.0/lib/action_dispatch/middleware/templates/rescues/_request_and_response.html.erb (1.4ms)
  Rendered /Users/Elena/.rvm/gems/ruby-2.2.3/gems/actionpack-5.0.0/lib/action_dispatch/middleware/templates/rescues/diagnostics.html.erb within rescues/layout (101.9ms)
  [1m[36mActiveRecord::SchemaMigration Load (0.1ms)[0m  [1m[34mSELECT "schema_migrations".* FROM "schema_migrations"[0m
Migrating to CreatePictures (20160716214650)
  [1m[35m (0.1ms)[0m  [1m[36mbegin transaction[0m
  [1m[35m (0.1ms)[0m  [1m[31mrollback transaction[0m
  [1m[36mActiveRecord::SchemaMigration Load (0.2ms)[0m  [1m[34mSELECT "schema_migrations".* FROM "schema_migrations"[0m
Migrating to CreatePictures (20160716214837)
  [1m[35m (0.1ms)[0m  [1m[36mbegin transaction[0m
  [1m[35m (0.5ms)[0m  [1m[35mCREATE TABLE "pictures" ("id" INTEGER PRIMARY KEY AUTOINCREMENT NOT NULL, "source" varchar, "user_id" integer, "created_at" datetime NOT NULL, "updated_at" datetime NOT NULL)[0m
  [1m[35m (0.1ms)[0m  [1m[34mselect sqlite_version(*)[0m
  [1m[35m (0.1ms)[0m  [1m[35mCREATE  INDEX "index_pictures_on_user_id" ON "pictures" ("user_id")[0m
  [1m[35mSQL (0.2ms)[0m  [1m[32mINSERT INTO "schema_migrations" ("version") VALUES (?)[0m  [["version", "20160716214837"]]
  [1m[35m (0.8ms)[0m  [1m[36mcommit transaction[0m
  [1m[36mActiveRecord::InternalMetadata Load (0.3ms)[0m  [1m[34mSELECT  "ar_internal_metadata".* FROM "ar_internal_metadata" WHERE "ar_internal_metadata"."key" = ? LIMIT ?[0m  [["key", :environment], ["LIMIT", 1]]
  [1m[35m (0.1ms)[0m  [1m[36mbegin transaction[0m
  [1m[35m (0.0ms)[0m  [1m[36mcommit transaction[0m
  [1m[36mActiveRecord::SchemaMigration Load (0.1ms)[0m  [1m[34mSELECT "schema_migrations".* FROM "schema_migrations"[0m
  [1m[35m (0.1ms)[0m  [1m[34m            SELECT sql
            FROM sqlite_master
            WHERE name='index_pictures_on_user_id' AND type='index'
            UNION ALL
            SELECT sql
            FROM sqlite_temp_master
            WHERE name='index_pictures_on_user_id' AND type='index'
[0m
  [1m[35m (0.1ms)[0m  [1m[34m            SELECT sql
            FROM sqlite_master
            WHERE name='index_users_on_reset_password_token' AND type='index'
            UNION ALL
            SELECT sql
            FROM sqlite_temp_master
            WHERE name='index_users_on_reset_password_token' AND type='index'
[0m
  [1m[35m (0.1ms)[0m  [1m[34m            SELECT sql
            FROM sqlite_master
            WHERE name='index_users_on_email' AND type='index'
            UNION ALL
            SELECT sql
            FROM sqlite_temp_master
            WHERE name='index_users_on_email' AND type='index'
[0m
Started GET "/posts" for ::1 at 2016-07-16 22:48:55 +0100
  [1m[36mActiveRecord::SchemaMigration Load (0.2ms)[0m  [1m[34mSELECT "schema_migrations".* FROM "schema_migrations"[0m
  
ActionController::RoutingError (No route matches [GET] "/posts"):
  
actionpack (5.0.0) lib/action_dispatch/middleware/debug_exceptions.rb:53:in `call'
web-console (3.3.1) lib/web_console/middleware.rb:131:in `call_app'
web-console (3.3.1) lib/web_console/middleware.rb:28:in `block in call'
web-console (3.3.1) lib/web_console/middleware.rb:18:in `catch'
web-console (3.3.1) lib/web_console/middleware.rb:18:in `call'
actionpack (5.0.0) lib/action_dispatch/middleware/show_exceptions.rb:31:in `call'
railties (5.0.0) lib/rails/rack/logger.rb:36:in `call_app'
railties (5.0.0) lib/rails/rack/logger.rb:24:in `block in call'
activesupport (5.0.0) lib/active_support/tagged_logging.rb:70:in `block in tagged'
activesupport (5.0.0) lib/active_support/tagged_logging.rb:26:in `tagged'
activesupport (5.0.0) lib/active_support/tagged_logging.rb:70:in `tagged'
railties (5.0.0) lib/rails/rack/logger.rb:24:in `call'
sprockets-rails (3.1.1) lib/sprockets/rails/quiet_assets.rb:13:in `call'
actionpack (5.0.0) lib/action_dispatch/middleware/request_id.rb:24:in `call'
rack (2.0.1) lib/rack/method_override.rb:22:in `call'
rack (2.0.1) lib/rack/runtime.rb:22:in `call'
activesupport (5.0.0) lib/active_support/cache/strategy/local_cache_middleware.rb:28:in `call'
actionpack (5.0.0) lib/action_dispatch/middleware/executor.rb:12:in `call'
actionpack (5.0.0) lib/action_dispatch/middleware/static.rb:136:in `call'
rack (2.0.1) lib/rack/sendfile.rb:111:in `call'
railties (5.0.0) lib/rails/engine.rb:522:in `call'
puma (3.4.0) lib/puma/configuration.rb:224:in `call'
puma (3.4.0) lib/puma/server.rb:569:in `handle_request'
puma (3.4.0) lib/puma/server.rb:406:in `process_client'
puma (3.4.0) lib/puma/server.rb:271:in `block in run'
puma (3.4.0) lib/puma/thread_pool.rb:114:in `call'
puma (3.4.0) lib/puma/thread_pool.rb:114:in `block in spawn_thread'
  Rendering /Users/Elena/.rvm/gems/ruby-2.2.3/gems/actionpack-5.0.0/lib/action_dispatch/middleware/templates/rescues/routing_error.html.erb within rescues/layout
  Rendering /Users/Elena/.rvm/gems/ruby-2.2.3/gems/actionpack-5.0.0/lib/action_dispatch/middleware/templates/rescues/_trace.html.erb
  Rendered /Users/Elena/.rvm/gems/ruby-2.2.3/gems/actionpack-5.0.0/lib/action_dispatch/middleware/templates/rescues/_trace.html.erb (1.7ms)
  Rendered collection of /Users/Elena/.rvm/gems/ruby-2.2.3/gems/actionpack-5.0.0/lib/action_dispatch/middleware/templates/routes/_route.html.erb [23 times] (7.6ms)
  Rendered /Users/Elena/.rvm/gems/ruby-2.2.3/gems/actionpack-5.0.0/lib/action_dispatch/middleware/templates/routes/_table.html.erb (9.2ms)
  Rendering /Users/Elena/.rvm/gems/ruby-2.2.3/gems/actionpack-5.0.0/lib/action_dispatch/middleware/templates/rescues/_request_and_response.html.erb
  Rendered /Users/Elena/.rvm/gems/ruby-2.2.3/gems/actionpack-5.0.0/lib/action_dispatch/middleware/templates/rescues/_request_and_response.html.erb (11.1ms)
  Rendered /Users/Elena/.rvm/gems/ruby-2.2.3/gems/actionpack-5.0.0/lib/action_dispatch/middleware/templates/rescues/routing_error.html.erb within rescues/layout (117.7ms)
Started GET "/pictures" for ::1 at 2016-07-16 22:49:06 +0100
Processing by PicturesController#index as HTML
  Rendering pictures/index.html.erb within layouts/application
  [1m[36mPicture Load (0.1ms)[0m  [1m[34mSELECT "pictures".* FROM "pictures"[0m
  Rendered pictures/index.html.erb within layouts/application (2.5ms)
Completed 500 Internal Server Error in 968ms (ActiveRecord: 0.3ms)


  
ActionView::Template::Error (undefined local variable or method `resource_name' for #<#<Class:0x007fe7fd277940>:0x007fe7fd2767e8>):
    11:   <body>
    12:   <h1>Bla</h1>
    13:   <%- if !user_signed_in? %>
    14:       <%= link_to "Log in", new_session_path(resource_name) %><br />
    15:       <%= link_to "Sign up", new_registration_path(resource_name) %><br />
    16:   <% end -%>
    17: 
  
app/views/layouts/application.html.erb:14:in `_app_views_layouts_application_html_erb___2302722217796708443_70317173942940'
  Rendering /Users/Elena/.rvm/gems/ruby-2.2.3/gems/actionpack-5.0.0/lib/action_dispatch/middleware/templates/rescues/template_error.html.erb within rescues/layout
  Rendering /Users/Elena/.rvm/gems/ruby-2.2.3/gems/actionpack-5.0.0/lib/action_dispatch/middleware/templates/rescues/_source.html.erb
  Rendered /Users/Elena/.rvm/gems/ruby-2.2.3/gems/actionpack-5.0.0/lib/action_dispatch/middleware/templates/rescues/_source.html.erb (10.2ms)
  Rendering /Users/Elena/.rvm/gems/ruby-2.2.3/gems/actionpack-5.0.0/lib/action_dispatch/middleware/templates/rescues/_trace.html.erb
  Rendered /Users/Elena/.rvm/gems/ruby-2.2.3/gems/actionpack-5.0.0/lib/action_dispatch/middleware/templates/rescues/_trace.html.erb (2.8ms)
  Rendering /Users/Elena/.rvm/gems/ruby-2.2.3/gems/actionpack-5.0.0/lib/action_dispatch/middleware/templates/rescues/_request_and_response.html.erb
  Rendered /Users/Elena/.rvm/gems/ruby-2.2.3/gems/actionpack-5.0.0/lib/action_dispatch/middleware/templates/rescues/_request_and_response.html.erb (1.2ms)
  Rendered /Users/Elena/.rvm/gems/ruby-2.2.3/gems/actionpack-5.0.0/lib/action_dispatch/middleware/templates/rescues/template_error.html.erb within rescues/layout (70.0ms)
Started GET "/pictures" for ::1 at 2016-07-16 22:49:28 +0100
Processing by PicturesController#index as HTML
  Rendering pictures/index.html.erb within layouts/application
  [1m[36mPicture Load (0.3ms)[0m  [1m[34mSELECT "pictures".* FROM "pictures"[0m
  Rendered pictures/index.html.erb within layouts/application (2.5ms)
Completed 500 Internal Server Error in 36ms (ActiveRecord: 0.3ms)


  
ActionView::Template::Error (wrong number of arguments (0 for 1+)):
    11:   <body>
    12:   <h1>Bla</h1>
    13:   <%- if !user_signed_in? %>
    14:       <%= link_to "Log in", new_session_path %><br />
    15:       <%= link_to "Sign up", new_registration_path %><br />
    16:   <% end -%>
    17: 
  
app/views/layouts/application.html.erb:14:in `_app_views_layouts_application_html_erb___2302722217796708443_70317212700260'
  Rendering /Users/Elena/.rvm/gems/ruby-2.2.3/gems/actionpack-5.0.0/lib/action_dispatch/middleware/templates/rescues/template_error.html.erb within rescues/layout
  Rendering /Users/Elena/.rvm/gems/ruby-2.2.3/gems/actionpack-5.0.0/lib/action_dispatch/middleware/templates/rescues/_source.html.erb
  Rendered /Users/Elena/.rvm/gems/ruby-2.2.3/gems/actionpack-5.0.0/lib/action_dispatch/middleware/templates/rescues/_source.html.erb (7.2ms)
  Rendering /Users/Elena/.rvm/gems/ruby-2.2.3/gems/actionpack-5.0.0/lib/action_dispatch/middleware/templates/rescues/_trace.html.erb
  Rendered /Users/Elena/.rvm/gems/ruby-2.2.3/gems/actionpack-5.0.0/lib/action_dispatch/middleware/templates/rescues/_trace.html.erb (2.9ms)
  Rendering /Users/Elena/.rvm/gems/ruby-2.2.3/gems/actionpack-5.0.0/lib/action_dispatch/middleware/templates/rescues/_request_and_response.html.erb
  Rendered /Users/Elena/.rvm/gems/ruby-2.2.3/gems/actionpack-5.0.0/lib/action_dispatch/middleware/templates/rescues/_request_and_response.html.erb (1.2ms)
  Rendered /Users/Elena/.rvm/gems/ruby-2.2.3/gems/actionpack-5.0.0/lib/action_dispatch/middleware/templates/rescues/template_error.html.erb within rescues/layout (66.5ms)
Started GET "/pictures" for ::1 at 2016-07-16 22:49:39 +0100
Processing by PicturesController#index as HTML
  Rendering pictures/index.html.erb within layouts/application
  [1m[36mPicture Load (0.2ms)[0m  [1m[34mSELECT "pictures".* FROM "pictures"[0m
  Rendered pictures/index.html.erb within layouts/application (1.6ms)
Completed 200 OK in 26ms (Views: 23.6ms | ActiveRecord: 0.2ms)


Started GET "/pictures" for ::1 at 2016-07-16 22:49:47 +0100
Processing by PicturesController#index as HTML
  Rendering pictures/index.html.erb within layouts/application
  [1m[36mPicture Load (0.3ms)[0m  [1m[34mSELECT "pictures".* FROM "pictures"[0m
  Rendered pictures/index.html.erb within layouts/application (1.4ms)
Completed 200 OK in 26ms (Views: 23.6ms | ActiveRecord: 0.3ms)


Started GET "/pictures/new" for ::1 at 2016-07-16 22:49:50 +0100
Processing by PicturesController#new as HTML
  Rendering pictures/new.html.erb within layouts/application
  Rendered pictures/_form.html.erb (15.4ms)
  Rendered pictures/new.html.erb within layouts/application (20.2ms)
Completed 200 OK in 55ms (Views: 44.2ms | ActiveRecord: 0.5ms)


Started GET "/pictures" for ::1 at 2016-07-16 22:49:54 +0100
Processing by PicturesController#index as HTML
  Rendering pictures/index.html.erb within layouts/application
  [1m[36mPicture Load (0.5ms)[0m  [1m[34mSELECT "pictures".* FROM "pictures"[0m
  Rendered pictures/index.html.erb within layouts/application (2.3ms)
Completed 200 OK in 41ms (Views: 38.0ms | ActiveRecord: 0.5ms)


Started GET "/pictures/new" for ::1 at 2016-07-16 22:49:55 +0100
Processing by PicturesController#new as HTML
  Rendering pictures/new.html.erb within layouts/application
  Rendered pictures/_form.html.erb (11.7ms)
  Rendered pictures/new.html.erb within layouts/application (16.2ms)
Completed 200 OK in 53ms (Views: 50.6ms | ActiveRecord: 0.0ms)


Started GET "/pictures" for ::1 at 2016-07-16 22:49:59 +0100
Processing by PicturesController#index as HTML
  Rendering pictures/index.html.erb within layouts/application
  [1m[36mPicture Load (0.7ms)[0m  [1m[34mSELECT "pictures".* FROM "pictures"[0m
  Rendered pictures/index.html.erb within layouts/application (2.9ms)
Completed 200 OK in 49ms (Views: 46.1ms | ActiveRecord: 0.7ms)


Started GET "/pictures/new" for ::1 at 2016-07-16 22:50:00 +0100
Processing by PicturesController#new as HTML
  Rendering pictures/new.html.erb within layouts/application
  Rendered pictures/_form.html.erb (5.2ms)
  Rendered pictures/new.html.erb within layouts/application (9.6ms)
Completed 200 OK in 54ms (Views: 51.6ms | ActiveRecord: 0.0ms)


Started GET "/pictures" for ::1 at 2016-07-16 22:50:25 +0100
Processing by PicturesController#index as HTML
  Rendering pictures/index.html.erb within layouts/application
  [1m[36mPicture Load (0.1ms)[0m  [1m[34mSELECT "pictures".* FROM "pictures"[0m
  Rendered pictures/index.html.erb within layouts/application (1.8ms)
Completed 200 OK in 48ms (Views: 45.2ms | ActiveRecord: 0.1ms)


Started GET "/pictures/new" for ::1 at 2016-07-16 22:50:25 +0100
Processing by PicturesController#new as HTML
  Rendering pictures/new.html.erb within layouts/application
  Rendered pictures/_form.html.erb (3.5ms)
  Rendered pictures/new.html.erb within layouts/application (8.6ms)
Completed 200 OK in 55ms (Views: 51.4ms | ActiveRecord: 0.0ms)


Started GET "/pictures/new" for ::1 at 2016-07-16 22:52:10 +0100
  [1m[36mActiveRecord::SchemaMigration Load (0.1ms)[0m  [1m[34mSELECT "schema_migrations".* FROM "schema_migrations"[0m
  
ActionController::RoutingError (undefined method `before_filer' for PicturesController:Class):
  
app/controllers/pictures_controller.rb:3:in `<class:PicturesController>'
app/controllers/pictures_controller.rb:1:in `<top (required)>'
  Rendering /Users/Elena/.rvm/gems/ruby-2.2.3/gems/actionpack-5.0.0/lib/action_dispatch/middleware/templates/rescues/routing_error.html.erb within rescues/layout
  Rendering /Users/Elena/.rvm/gems/ruby-2.2.3/gems/actionpack-5.0.0/lib/action_dispatch/middleware/templates/rescues/_trace.html.erb
  Rendered /Users/Elena/.rvm/gems/ruby-2.2.3/gems/actionpack-5.0.0/lib/action_dispatch/middleware/templates/rescues/_trace.html.erb (2.4ms)
  Rendered collection of /Users/Elena/.rvm/gems/ruby-2.2.3/gems/actionpack-5.0.0/lib/action_dispatch/middleware/templates/routes/_route.html.erb [23 times] (7.3ms)
  Rendered /Users/Elena/.rvm/gems/ruby-2.2.3/gems/actionpack-5.0.0/lib/action_dispatch/middleware/templates/routes/_table.html.erb (10.0ms)
  Rendering /Users/Elena/.rvm/gems/ruby-2.2.3/gems/actionpack-5.0.0/lib/action_dispatch/middleware/templates/rescues/_request_and_response.html.erb
  Rendered /Users/Elena/.rvm/gems/ruby-2.2.3/gems/actionpack-5.0.0/lib/action_dispatch/middleware/templates/rescues/_request_and_response.html.erb (10.2ms)
  Rendered /Users/Elena/.rvm/gems/ruby-2.2.3/gems/actionpack-5.0.0/lib/action_dispatch/middleware/templates/rescues/routing_error.html.erb within rescues/layout (123.3ms)
Started GET "/pictures/new" for ::1 at 2016-07-16 22:52:30 +0100
  [1m[36mActiveRecord::SchemaMigration Load (0.2ms)[0m  [1m[34mSELECT "schema_migrations".* FROM "schema_migrations"[0m
  
ActionController::RoutingError (undefined method `before_filer' for PicturesController:Class):
  
app/controllers/pictures_controller.rb:2:in `<class:PicturesController>'
app/controllers/pictures_controller.rb:1:in `<top (required)>'
  Rendering /Users/Elena/.rvm/gems/ruby-2.2.3/gems/actionpack-5.0.0/lib/action_dispatch/middleware/templates/rescues/routing_error.html.erb within rescues/layout
  Rendering /Users/Elena/.rvm/gems/ruby-2.2.3/gems/actionpack-5.0.0/lib/action_dispatch/middleware/templates/rescues/_trace.html.erb
  Rendered /Users/Elena/.rvm/gems/ruby-2.2.3/gems/actionpack-5.0.0/lib/action_dispatch/middleware/templates/rescues/_trace.html.erb (3.9ms)
  Rendered collection of /Users/Elena/.rvm/gems/ruby-2.2.3/gems/actionpack-5.0.0/lib/action_dispatch/middleware/templates/routes/_route.html.erb [23 times] (6.8ms)
  Rendered /Users/Elena/.rvm/gems/ruby-2.2.3/gems/actionpack-5.0.0/lib/action_dispatch/middleware/templates/routes/_table.html.erb (8.3ms)
  Rendering /Users/Elena/.rvm/gems/ruby-2.2.3/gems/actionpack-5.0.0/lib/action_dispatch/middleware/templates/rescues/_request_and_response.html.erb
  Rendered /Users/Elena/.rvm/gems/ruby-2.2.3/gems/actionpack-5.0.0/lib/action_dispatch/middleware/templates/rescues/_request_and_response.html.erb (9.5ms)
  Rendered /Users/Elena/.rvm/gems/ruby-2.2.3/gems/actionpack-5.0.0/lib/action_dispatch/middleware/templates/rescues/routing_error.html.erb within rescues/layout (126.0ms)
Started GET "/pictures/new" for ::1 at 2016-07-16 22:52:52 +0100
  [1m[36mActiveRecord::SchemaMigration Load (0.1ms)[0m  [1m[34mSELECT "schema_migrations".* FROM "schema_migrations"[0m
Processing by PicturesController#new as HTML
  Rendering pictures/new.html.erb within layouts/application
  Rendered pictures/_form.html.erb (23.2ms)
  Rendered pictures/new.html.erb within layouts/application (28.9ms)
Completed 200 OK in 374ms (Views: 348.4ms | ActiveRecord: 1.2ms)


Started GET "/pictures/new" for ::1 at 2016-07-16 22:53:00 +0100
Processing by PicturesController#new as HTML
  Rendering pictures/new.html.erb within layouts/application
  Rendered pictures/_form.html.erb (2.4ms)
  Rendered pictures/new.html.erb within layouts/application (4.3ms)
Completed 500 Internal Server Error in 35ms (ActiveRecord: 0.0ms)


  
ActionView::Template::Error (wrong number of arguments (0 for 1+)):
    11:   <body>
    12:   <h1>Bla</h1>
    13:   <%- if !user_signed_in? %>
    14:       <%= link_to "Log in", new_session_path %><br />
    15:       <%= link_to "Sign up", new_registration_path %><br />
    16:   <% end -%>
    17: 
  
app/views/layouts/application.html.erb:14:in `_app_views_layouts_application_html_erb__3425314431691776255_70294379410300'
  Rendering /Users/Elena/.rvm/gems/ruby-2.2.3/gems/actionpack-5.0.0/lib/action_dispatch/middleware/templates/rescues/template_error.html.erb within rescues/layout
  Rendering /Users/Elena/.rvm/gems/ruby-2.2.3/gems/actionpack-5.0.0/lib/action_dispatch/middleware/templates/rescues/_source.html.erb
  Rendered /Users/Elena/.rvm/gems/ruby-2.2.3/gems/actionpack-5.0.0/lib/action_dispatch/middleware/templates/rescues/_source.html.erb (5.5ms)
  Rendering /Users/Elena/.rvm/gems/ruby-2.2.3/gems/actionpack-5.0.0/lib/action_dispatch/middleware/templates/rescues/_trace.html.erb
  Rendered /Users/Elena/.rvm/gems/ruby-2.2.3/gems/actionpack-5.0.0/lib/action_dispatch/middleware/templates/rescues/_trace.html.erb (2.8ms)
  Rendering /Users/Elena/.rvm/gems/ruby-2.2.3/gems/actionpack-5.0.0/lib/action_dispatch/middleware/templates/rescues/_request_and_response.html.erb
  Rendered /Users/Elena/.rvm/gems/ruby-2.2.3/gems/actionpack-5.0.0/lib/action_dispatch/middleware/templates/rescues/_request_and_response.html.erb (1.0ms)
  Rendered /Users/Elena/.rvm/gems/ruby-2.2.3/gems/actionpack-5.0.0/lib/action_dispatch/middleware/templates/rescues/template_error.html.erb within rescues/layout (74.5ms)
Started GET "/pictures/new" for ::1 at 2016-07-16 22:53:45 +0100
Processing by PicturesController#new as HTML
  Rendering pictures/new.html.erb within layouts/application
  Rendered pictures/_form.html.erb (2.2ms)
  Rendered pictures/new.html.erb within layouts/application (4.6ms)
Completed 200 OK in 63ms (Views: 61.0ms | ActiveRecord: 0.0ms)


Started GET "/users/sign_in" for ::1 at 2016-07-16 22:53:49 +0100
Processing by Devise::SessionsController#new as HTML
  Rendering /Users/Elena/.rvm/gems/ruby-2.2.3/gems/devise-4.2.0/app/views/devise/sessions/new.html.erb within layouts/application
  Rendered /Users/Elena/.rvm/gems/ruby-2.2.3/gems/devise-4.2.0/app/views/devise/shared/_links.html.erb (1.4ms)
  Rendered /Users/Elena/.rvm/gems/ruby-2.2.3/gems/devise-4.2.0/app/views/devise/sessions/new.html.erb within layouts/application (15.3ms)
Completed 200 OK in 68ms (Views: 43.8ms | ActiveRecord: 0.8ms)


Started POST "/users/sign_in" for ::1 at 2016-07-16 22:53:55 +0100
Processing by Devise::SessionsController#create as HTML
  Parameters: {"utf8"=>"✓", "authenticity_token"=>"nyNJCDFcNz6oyi7nc+9lngMoSz8mTWeelWCfayMWziF2e2754hxdyUGMjvIDpKPt96VdimGFPZIzo/G/ggxq/Q==", "user"=>{"email"=>"elllena1996@gmail.com", "password"=>"[FILTERED]", "remember_me"=>"0"}, "commit"=>"Log in"}
  [1m[36mUser Load (0.4ms)[0m  [1m[34mSELECT  "users".* FROM "users" WHERE "users"."email" = ? ORDER BY "users"."id" ASC LIMIT ?[0m  [["email", "elllena1996@gmail.com"], ["LIMIT", 1]]
  [1m[35m (0.1ms)[0m  [1m[36mbegin transaction[0m
  [1m[35mSQL (0.4ms)[0m  [1m[33mUPDATE "users" SET "current_sign_in_at" = ?, "sign_in_count" = ?, "updated_at" = ? WHERE "users"."id" = ?[0m  [["current_sign_in_at", 2016-07-16 21:53:55 UTC], ["sign_in_count", 2], ["updated_at", 2016-07-16 21:53:55 UTC], ["id", 1]]
  [1m[35m (1.0ms)[0m  [1m[36mcommit transaction[0m
Redirected to http://localhost:3000/
Completed 302 Found in 183ms (ActiveRecord: 1.9ms)


Started GET "/" for ::1 at 2016-07-16 22:53:55 +0100
Processing by Rails::WelcomeController#index as HTML
  Parameters: {"internal"=>true}
  Rendering /Users/Elena/.rvm/gems/ruby-2.2.3/gems/railties-5.0.0/lib/rails/templates/rails/welcome/index.html.erb
  Rendered /Users/Elena/.rvm/gems/ruby-2.2.3/gems/railties-5.0.0/lib/rails/templates/rails/welcome/index.html.erb (3.4ms)
Completed 200 OK in 11ms (Views: 7.5ms | ActiveRecord: 0.0ms)


Started GET "/pictures" for ::1 at 2016-07-16 22:54:04 +0100
Processing by PicturesController#index as HTML
  Rendering pictures/index.html.erb within layouts/application
  [1m[36mPicture Load (0.7ms)[0m  [1m[34mSELECT "pictures".* FROM "pictures"[0m
  Rendered pictures/index.html.erb within layouts/application (3.1ms)
  [1m[36mUser Load (0.5ms)[0m  [1m[34mSELECT  "users".* FROM "users" WHERE "users"."id" = ? ORDER BY "users"."id" ASC LIMIT ?[0m  [["id", 1], ["LIMIT", 1]]
Completed 200 OK in 52ms (Views: 47.5ms | ActiveRecord: 1.2ms)


Started GET "/pictures/new" for ::1 at 2016-07-16 22:54:09 +0100
Processing by PicturesController#new as HTML
  Rendering pictures/new.html.erb within layouts/application
  Rendered pictures/_form.html.erb (4.4ms)
  Rendered pictures/new.html.erb within layouts/application (7.8ms)
  [1m[36mUser Load (0.6ms)[0m  [1m[34mSELECT  "users".* FROM "users" WHERE "users"."id" = ? ORDER BY "users"."id" ASC LIMIT ?[0m  [["id", 1], ["LIMIT", 1]]
Completed 200 OK in 46ms (Views: 42.7ms | ActiveRecord: 0.6ms)


Started GET "/pictures" for ::1 at 2016-07-16 22:54:10 +0100
Processing by PicturesController#index as HTML
  Rendering pictures/index.html.erb within layouts/application
  [1m[36mPicture Load (0.5ms)[0m  [1m[34mSELECT "pictures".* FROM "pictures"[0m
  Rendered pictures/index.html.erb within layouts/application (2.8ms)
  [1m[36mUser Load (0.6ms)[0m  [1m[34mSELECT  "users".* FROM "users" WHERE "users"."id" = ? ORDER BY "users"."id" ASC LIMIT ?[0m  [["id", 1], ["LIMIT", 1]]
Completed 200 OK in 61ms (Views: 57.3ms | ActiveRecord: 1.1ms)


